#
# A fatal error has been detected by the Java Runtime Environment:
#
#  EXCEPTION_ACCESS_VIOLATION (0xc0000005) at pc=0x6d964652, pid=8944, tid=11400
#
# JRE version: Java(TM) SE Runtime Environment (7.0_40-b43) (build 1.7.0_40-b43)
# Java VM: Java HotSpot(TM) Client VM (24.0-b56 mixed mode windows-x86 )
# Problematic frame:
# V  [jvm.dll+0xc4652]
#
# Failed to write core dump. Minidumps are not enabled by default on client versions of Windows
#
# If you would like to submit a bug report, please visit:
#   http://bugreport.sun.com/bugreport/crash.jsp
#

---------------  T H R E A D  ---------------

Current thread (0x0123d400):  JavaThread "main" [_thread_in_vm, id=11400, stack(0x02860000,0x028b0000)]

siginfo: ExceptionCode=0xc0000005, reading address 0x00000000

Registers:
EAX=0x010bd4b0, EBX=0x00000000, ECX=0x010bd4b0, EDX=0xffffffff
ESP=0x028af614, EBP=0x028af638, ESI=0x010bd4b0, EDI=0x010bb808
EIP=0x6d964652, EFLAGS=0x00010202

Top of Stack: (sp=0x028af614)
0x028af614:   00000000 0123d400 2023da80 0255f295
0x028af624:   6c5e0272 00000000 2023da80 010bd4b0
0x028af634:   010bb808 028af664 6d964879 00000000
0x028af644:   0ff52db8 00000000 0123d400 0123d530
0x028af654:   0123d400 0123dd7c 000000ae 6db3b238
0x028af664:   028af688 0fdfe67b 0123d530 00000000
0x028af674:   0ff52db8 0ff52db0 0123d400 2023da80
0x028af684:   2023da80 028af6c8 029ca9dd 0123d530 

Instructions: (pc=0x6d964652)
0x6d964632:   e8 a9 92 f7 ff 83 c4 0c 8b f0 89 75 f8 85 ff 0f
0x6d964642:   84 44 01 00 00 85 f6 0f 84 3c 01 00 00 8b 5d 08
0x6d964652:   8b 03 50 e8 c6 04 f7 ff 83 c4 04 84 c0 74 39 8b
0x6d964662:   55 0c a1 e8 2a bd 6d 8b 4d 14 52 50 68 44 06 00 


Register to memory mapping:

EAX=0x010bd4b0 is an unknown value
EBX=0x00000000 is an unknown value
ECX=0x010bd4b0 is an unknown value
EDX=0xffffffff is an unknown value
ESP=0x028af614 is pointing into the stack for thread: 0x0123d400
EBP=0x028af638 is pointing into the stack for thread: 0x0123d400
ESI=0x010bd4b0 is an unknown value
EDI=0x010bb808 is an unknown value


Stack: [0x02860000,0x028b0000],  sp=0x028af614,  free space=317k
Native frames: (J=compiled Java code, j=interpreted, Vv=VM code, C=native code)
V  [jvm.dll+0xc4652]
V  [jvm.dll+0xc4879]
C  [bwapi_bridge.dll+0xe67b]  Java_bwta_BaseLocation_getPosition_1native+0x3b
j  bwta.BaseLocation.getPosition_native(J)Lbwapi/Position;+0
j  bwta.BaseLocation.getPosition()Lbwapi/Position;+5
j  TestBot1$1.onStart()V+82
j  bwapi.AIModule.onStart()V+11
v  ~StubRoutines::call_stub
V  [jvm.dll+0x13ee1a]
V  [jvm.dll+0x20283e]
V  [jvm.dll+0x13ee9d]
V  [jvm.dll+0xc9962]
V  [jvm.dll+0xcd5b3]
C  [bwapi_bridge.dll+0x107a]  JNIEnv_::CallVoidMethod+0x1a
C  [bwapi_bridge.dll+0x229ae]  Java_bwapi_Mirror_startGame+0x1279e
j  bwapi.Mirror.startGame()V+0
j  TestBot1.run()V+22
j  TestBot1.main([Ljava/lang/String;)V+7
v  ~StubRoutines::call_stub
V  [jvm.dll+0x13ee1a]
V  [jvm.dll+0x20283e]
V  [jvm.dll+0x13ee9d]
V  [jvm.dll+0xc96e5]
V  [jvm.dll+0xd4387]
C  [javaw.exe+0x2070]
C  [javaw.exe+0xa5b1]
C  [javaw.exe+0xa63b]
C  [kernel32.dll+0x1336a]
C  [ntdll.dll+0x39f72]
C  [ntdll.dll+0x39f45]

Java frames: (J=compiled Java code, j=interpreted, Vv=VM code)
j  bwta.BaseLocation.getPosition_native(J)Lbwapi/Position;+0
j  bwta.BaseLocation.getPosition()Lbwapi/Position;+5
j  TestBot1$1.onStart()V+82
j  bwapi.AIModule.onStart()V+11
v  ~StubRoutines::call_stub
j  bwapi.Mirror.startGame()V+0
j  TestBot1.run()V+22
j  TestBot1.main([Ljava/lang/String;)V+7
v  ~StubRoutines::call_stub

---------------  P R O C E S S  ---------------

Java Threads: ( => current thread )
  0x04a14000 JavaThread "Service Thread" daemon [_thread_blocked, id=15240, stack(0x02910000,0x02960000)]
  0x04a0ac00 JavaThread "C1 CompilerThread0" daemon [_thread_blocked, id=3436, stack(0x04e60000,0x04eb0000)]
  0x04a09800 JavaThread "Attach Listener" daemon [_thread_blocked, id=3040, stack(0x04be0000,0x04c30000)]
  0x04a06800 JavaThread "Signal Dispatcher" daemon [_thread_blocked, id=11332, stack(0x04fd0000,0x05020000)]
  0x049d6400 JavaThread "Finalizer" daemon [_thread_blocked, id=10676, stack(0x04db0000,0x04e00000)]
  0x049d1400 JavaThread "Reference Handler" daemon [_thread_blocked, id=1436, stack(0x04c80000,0x04cd0000)]
=>0x0123d400 JavaThread "main" [_thread_in_vm, id=11400, stack(0x02860000,0x028b0000)]

Other Threads:
  0x049cf800 VMThread [stack: 0x04d30000,0x04d80000] [id=7576]
  0x04a26800 WatcherThread [stack: 0x05300000,0x05350000] [id=4984]

VM state:not at safepoint (normal execution)

VM Mutex/Monitor currently owned by a thread: None

Heap
 def new generation   total 4928K, used 1082K [0x10060000, 0x105b0000, 0x155b0000)
  eden space 4416K,  24% used [0x10060000, 0x1016e998, 0x104b0000)
  from space 512K,   0% used [0x104b0000, 0x104b0000, 0x10530000)
  to   space 512K,   0% used [0x10530000, 0x10530000, 0x105b0000)
 tenured generation   total 10944K, used 0K [0x155b0000, 0x16060000, 0x20060000)
   the space 10944K,   0% used [0x155b0000, 0x155b0000, 0x155b0200, 0x16060000)
 compacting perm gen  total 12288K, used 1914K [0x20060000, 0x20c60000, 0x24060000)
   the space 12288K,  15% used [0x20060000, 0x2023eb28, 0x2023ec00, 0x20c60000)
No shared spaces configured.

Card table byte_map: [0x01180000,0x01230000] byte_map_base: 0x010ffd00

Polling page: 0x00f30000

Code Cache  [0x029c0000, 0x02a58000, 0x049c0000)
 total_blobs=156 nmethods=20 adapters=73 free_code_cache=32167Kb largest_free_block=32939456

Compilation events (10 events):
Event: 0.132 Thread 0x04a0ac00   16             java.lang.Long::hashCode (14 bytes)
Event: 0.132 Thread 0x04a0ac00 nmethod 16 0x02a53848 code [0x02a53940, 0x02a539e0]
Event: 0.132 Thread 0x04a0ac00   17             java.lang.Long::valueOf (36 bytes)
Event: 0.132 Thread 0x04a0ac00 nmethod 17 0x02a53a48 code [0x02a53b50, 0x02a53cd0]
Event: 0.132 Thread 0x04a0ac00   18             java.lang.Long::<init> (10 bytes)
Event: 0.132 Thread 0x04a0ac00 nmethod 18 0x02a53e08 code [0x02a53f00, 0x02a53f90]
Event: 7.195 Thread 0x04a0ac00   19             sun.net.www.ParseUtil::encodePath (336 bytes)
Event: 7.195 Thread 0x04a0ac00 nmethod 19 0x02a54c48 code [0x02a54df0, 0x02a55498]
Event: 7.951 Thread 0x04a0ac00   20             java.io.Win32FileSystem::normalize (143 bytes)
Event: 7.952 Thread 0x04a0ac00 nmethod 20 0x02a55b08 code [0x02a55c50, 0x02a55eec]

GC Heap History (0 events):
No events

Deoptimization events (0 events):
No events

Internal exceptions (10 events):
Event: 0.130 Thread 0x0123d400 Threw 0x1010e318 at C:\jdk7u2_32P\jdk7u40\hotspot\src\share\vm\prims\jvm.cpp:1244
Event: 0.131 Thread 0x0123d400 Threw 0x10114458 at C:\jdk7u2_32P\jdk7u40\hotspot\src\share\vm\prims\jvm.cpp:1244
Event: 6.380 Thread 0x0123d400 Threw 0x1011caa0 at C:\jdk7u2_32P\jdk7u40\hotspot\src\share\vm\prims\jvm.cpp:1244
Event: 6.381 Thread 0x0123d400 Threw 0x10126858 at C:\jdk7u2_32P\jdk7u40\hotspot\src\share\vm\prims\jvm.cpp:1244
Event: 6.383 Thread 0x0123d400 Threw 0x10129360 at C:\jdk7u2_32P\jdk7u40\hotspot\src\share\vm\prims\jvm.cpp:1244
Event: 7.195 Thread 0x0123d400 Threw 0x1015ed40 at C:\jdk7u2_32P\jdk7u40\hotspot\src\share\vm\prims\jvm.cpp:1244
Event: 7.951 Thread 0x0123d400 Threw 0x10161bf8 at C:\jdk7u2_32P\jdk7u40\hotspot\src\share\vm\prims\jvm.cpp:1244
Event: 7.952 Thread 0x0123d400 Threw 0x10165708 at C:\jdk7u2_32P\jdk7u40\hotspot\src\share\vm\prims\jvm.cpp:1244
Event: 7.952 Thread 0x0123d400 Threw 0x101661b8 at C:\jdk7u2_32P\jdk7u40\hotspot\src\share\vm\prims\jvm.cpp:1244
Event: 7.952 Thread 0x0123d400 Threw 0x10166310 at C:\jdk7u2_32P\jdk7u40\hotspot\src\share\vm\classfile\systemDictionary.cpp:174

Events (10 events):
Event: 6.383 loading class 0x04a13b28
Event: 6.383 loading class 0x04a13b28 done
Event: 7.195 loading class 0x04a49d30
Event: 7.195 loading class 0x04a49d30 done
Event: 7.951 loading class 0x04a1d938
Event: 7.951 loading class 0x04a1d938 done
Event: 7.952 loading class 0x010e1628
Event: 7.952 loading class 0x010e1628 done
Event: 7.952 loading class 0x04a74b08
Event: 7.952 loading class 0x04a74b08 done


Dynamic libraries:
0x01360000 - 0x0138f000 	I:\Java32\bin\javaw.exe
0x779e0000 - 0x77b60000 	C:\Windows\SysWOW64\ntdll.dll
0x76a00000 - 0x76b10000 	C:\Windows\syswow64\kernel32.dll
0x773d0000 - 0x77417000 	C:\Windows\syswow64\KERNELBASE.dll
0x76b10000 - 0x76bb0000 	C:\Windows\syswow64\ADVAPI32.dll
0x76680000 - 0x7672c000 	C:\Windows\syswow64\msvcrt.dll
0x76c50000 - 0x76c69000 	C:\Windows\SysWOW64\sechost.dll
0x76d70000 - 0x76e60000 	C:\Windows\syswow64\RPCRT4.dll
0x75430000 - 0x75490000 	C:\Windows\syswow64\SspiCli.dll
0x75420000 - 0x7542c000 	C:\Windows\syswow64\CRYPTBASE.dll
0x772d0000 - 0x773d0000 	C:\Windows\syswow64\USER32.dll
0x76bb0000 - 0x76c40000 	C:\Windows\syswow64\GDI32.dll
0x779b0000 - 0x779ba000 	C:\Windows\syswow64\LPK.dll
0x76750000 - 0x767ed000 	C:\Windows\syswow64\USP10.dll
0x721e0000 - 0x7237e000 	C:\Windows\WinSxS\x86_microsoft.windows.common-controls_6595b64144ccf1df_6.0.7601.17514_none_41e6975e2bd6f2b2\COMCTL32.dll
0x76e60000 - 0x76eb7000 	C:\Windows\syswow64\SHLWAPI.dll
0x70f70000 - 0x70fbc000 	C:\Windows\system32\apphelp.dll
0x5d080000 - 0x5d10d000 	C:\Windows\AppPatch\AcLayers.DLL
0x75a30000 - 0x7667a000 	C:\Windows\syswow64\SHELL32.dll
0x77060000 - 0x771bc000 	C:\Windows\syswow64\ole32.dll
0x76970000 - 0x769ff000 	C:\Windows\syswow64\OLEAUT32.dll
0x6fb30000 - 0x6fb47000 	C:\Windows\system32\USERENV.dll
0x6fb50000 - 0x6fb5b000 	C:\Windows\system32\profapi.dll
0x71c40000 - 0x71c91000 	C:\Windows\system32\WINSPOOL.DRV
0x74650000 - 0x74662000 	C:\Windows\system32\MPR.dll
0x76d10000 - 0x76d70000 	C:\Windows\system32\IMM32.DLL
0x77200000 - 0x772cc000 	C:\Windows\syswow64\MSCTF.dll
0x10000000 - 0x1005c000 	C:\Windows\SysWOW64\guard32.dll
0x721d0000 - 0x721d9000 	C:\Windows\system32\VERSION.dll
0x76960000 - 0x76965000 	C:\Windows\syswow64\PSAPI.DLL
0x6a280000 - 0x6a287000 	C:\Windows\system32\fltlib.dll
0x58d20000 - 0x58dde000 	I:\Java32\bin\msvcr100.dll
0x6d8a0000 - 0x6dc20000 	I:\Java32\bin\client\jvm.dll
0x00f20000 - 0x00f27000 	C:\Windows\system32\WSOCK32.dll
0x754a0000 - 0x754d5000 	C:\Windows\syswow64\WS2_32.dll
0x75490000 - 0x75496000 	C:\Windows\syswow64\NSI.dll
0x6f110000 - 0x6f142000 	C:\Windows\system32\WINMM.dll
0x6a140000 - 0x6a14c000 	I:\Java32\bin\verify.dll
0x64250000 - 0x64270000 	I:\Java32\bin\java.dll
0x63160000 - 0x63173000 	I:\Java32\bin\zip.dll
0x0fdf0000 - 0x0fffe000 	I:\EclipseJava\workspace\ExampleBot\bwapi_bridge.dll
0x02790000 - 0x027bb000 	I:\EclipseJava\workspace\ExampleBot\gmp-vc90-mt.dll
0x73700000 - 0x737a3000 	C:\Windows\WinSxS\x86_microsoft.vc90.crt_1fc8b3b9a1e18e3b_9.0.30729.6161_none_50934f2ebcb7eb57\MSVCR90.dll
0x71bb0000 - 0x71c3e000 	C:\Windows\WinSxS\x86_microsoft.vc90.crt_1fc8b3b9a1e18e3b_9.0.30729.6161_none_50934f2ebcb7eb57\MSVCP90.dll
0x04cd0000 - 0x04d11000 	I:\EclipseJava\workspace\ExampleBot\mpfr-vc90-mt.dll
0x06e00000 - 0x06eeb000 	C:\Windows\system32\dbghelp.dll

VM Arguments:
jvm_args: -Dfile.encoding=Cp1250 
java_command: TestBot1
Launcher Type: SUN_STANDARD

Environment Variables:
JAVA_HOME=c:\Program Files\Java\jdk1.7.0_02\
JRE_HOME=C:\Program Files\Java\jre7
CLASSPATH=I:\OpenNI\Bin64\org.OpenNI.jar
PATH=C:\Program Files (x86)\TC UP\PLUGINS\Library;C:\Program Files (x86)\NVIDIA Corporation\PhysX\Common;H:\PTCG\redshark\;H:\PTCG\RS\;C:\Program Files\Common Files\Microsoft Shared\Windows Live;C:\Program Files (x86)\Common Files\Microsoft Shared\Windows Live;C:\Windows\system32;C:\Windows;C:\Windows\System32\Wbem;C:\Windows\System32\WindowsPowerShell\v1.0\;C:\Program Files\Intel\DMIX;C:\Program Files (x86)\ATI Technologies\ATI.ACE\Core-Static;C:\Program Files (x86)\TC UP\PLUGINS\Library;C:\Program Files (x86)\Bitvise Tunnelier;C:\Program Files (x86)\Windows Live\Shared;C:\Program Files (x86)\Toshiba\Bluetooth Toshiba Stack\sys\;C:\Program Files (x86)\Toshiba\Bluetooth Toshiba Stack\sys\x64\;C:\Program Files (x86)\Autodesk\Backburner\;C:\Program Files\Common Files\Autodesk Shared\;I:\OpenNI\Bin64;D:\Python32;C:\Program Files\Java\jdk1.7.0_02\bin;H:\ATI Technologies\ATI.ACE\Core-Static;H:\MATLAB\R2011a\runtime\win64;H:\MATLAB\R2011a\bin;C:\Program Files (x86)\sbt\;I:\Program Files\TortoiseHg\;H:\PythonTracker\Xuggle\bin;I:\perl\c\bin;I:\perl\perl\site\bin;I:\perl\perl\bin;G:\MiKTeX 2.9\miktex\bin\;G:\Wamp\bin\php\php5.3.4;C:\ProgramData\ComposerSetup\bin;C:\Program Files (x86)\Windows Kits\8.1\Windows Performance Toolkit\;C:\Program Files\Microsoft SQL Server\110\Tools\Binn\;C:\Program Files (x86)\Microsoft SDKs\TypeScript\1.0\;G:\Wamp\bin\php\php5.3.4\;I:\PCL 1.3.1\bin;D:\Python32;C:\Program Files\Java\jdk1.7.0_02\bin;I:\Grails\grails-2.4.0\bin;I:\Play\activator-1.2.1-minimal;;C:\Program Files (x86)\TC UP\lib\
USERNAME=PC
OS=Windows_NT
PROCESSOR_IDENTIFIER=Intel64 Family 6 Model 30 Stepping 5, GenuineIntel



---------------  S Y S T E M  ---------------

OS: Windows 7 , 64 bit Build 7601 Service Pack 1

CPU:total 4 (4 cores per cpu, 1 threads per core) family 6 model 30 stepping 5, cmov, cx8, fxsr, mmx, sse, sse2, sse3, ssse3, sse4.1, sse4.2, popcnt, tsc, tscinvbit

Memory: 4k page, physical 8320384k(1413144k free), swap 19285548k(3165004k free)

vm_info: Java HotSpot(TM) Client VM (24.0-b56) for windows-x86 JRE (1.7.0_40-b43), built on Aug 26 2013 22:34:40 by "java_re" with unknown MS VC++:1600

time: Tue Jul 08 13:38:13 2014
elapsed time: 8 seconds

